<?xml version="1.0" encoding="UTF-8"?>
<testsuite xmlns:xsi="http://www.w3.org/2001/XMLSchema-instance" xsi:noNamespaceSchemaLocation="https://maven.apache.org/surefire/maven-surefire-plugin/xsd/surefire-test-report.xsd" version="3.0.2" name="com.WebAppService.ecommerce.EcommerceApplicationTests" time="5.685" tests="1" errors="0" skipped="0" failures="0">
  <properties>
[...]
</properties>
  <testcase name="contextLoads" classname="com.WebAppService.ecommerce.EcommerceApplicationTests" time="1.438">
    <system-out><![CDATA[23:43:41.551 [main] INFO org.springframework.test.context.support.AnnotationConfigContextLoaderUtils -- Could not detect default configuration classes for test class [com.WebAppService.ecommerce.EcommerceApplicationTests]: EcommerceApplicationTests does not declare any static, non-private, non-final, nested classes annotated with @Configuration.
23:43:41.790 [main] INFO org.springframework.boot.test.context.SpringBootTestContextBootstrapper -- Found @SpringBootConfiguration com.WebAppService.ecommerce.EcommerceApplication for test class com.WebAppService.ecommerce.EcommerceApplicationTests
23:43:42.123 [main] INFO org.springframework.boot.devtools.restart.RestartApplicationListener -- Restart disabled due to context in which it is running

  .   ____          _            __ _ _
 /\\ / ___'_ __ _ _(_)_ __  __ _ \ \ \ \
( ( )\___ | '_ | '_| | '_ \/ _` | \ \ \ \
 \\/  ___)| |_)| | | | | || (_| |  ) ) ) )
  '  |____| .__|_| |_|_| |_\__, | / / / /
 =========|_|==============|___/=/_/_/_/

 :: Spring Boot ::                (v3.4.2)

2025-02-08T23:43:42.708+01:00  INFO 25452 --- [ecommerce] [           main] c.W.ecommerce.EcommerceApplicationTests  : Starting EcommerceApplicationTests using Java 21.0.6 with PID 25452 (started by azrla in C:\Users\azrla\eclipse-workspace\ihm)
2025-02-08T23:43:42.711+01:00  INFO 25452 --- [ecommerce] [           main] c.W.ecommerce.EcommerceApplicationTests  : No active profile set, falling back to 1 default profile: "default"
2025-02-08T23:43:44.906+01:00  INFO 25452 --- [ecommerce] [           main] o.s.b.a.w.s.WelcomePageHandlerMapping    : Adding welcome page template: index
2025-02-08T23:43:45.431+01:00  INFO 25452 --- [ecommerce] [           main] c.W.ecommerce.EcommerceApplicationTests  : Started EcommerceApplicationTests in 3.337 seconds (process running for 5.566)
]]></system-out>
    <system-err><![CDATA[Mockito is currently self-attaching to enable the inline-mock-maker. This will no longer work in future releases of the JDK. Please add Mockito as an agent to your build what is described in Mockito's documentation: https://javadoc.io/doc/org.mockito/mockito-core/latest/org/mockito/Mockito.html#0.3
WARNING: A Java agent has been loaded dynamically (C:\Users\azrla\.m2\repository\net\bytebuddy\byte-buddy-agent\1.15.11\byte-buddy-agent-1.15.11.jar)
WARNING: If a serviceability tool is in use, please run with -XX:+EnableDynamicAgentLoading to hide this warning
WARNING: If a serviceability tool is not in use, please run with -Djdk.instrument.traceUsage for more information
WARNING: Dynamic loading of agents will be disallowed by default in a future release
]]></system-err>
  </testcase>
</testsuite>