<?xml version="1.0" encoding="UTF-8"?>
<testsuite xmlns:xsi="http://www.w3.org/2001/XMLSchema-instance" xsi:noNamespaceSchemaLocation="https://maven.apache.org/surefire/maven-surefire-plugin/xsd/surefire-test-report.xsd" version="3.0.2" name="com.ecommerce_microservices.Produit_Service.ProduitServiceApplicationTests" time="4.665" tests="1" errors="0" skipped="0" failures="0">
  <properties>
[...]
</properties>
  <testcase name="contextLoads" classname="com.ecommerce_microservices.Produit_Service.ProduitServiceApplicationTests" time="0.418">
    <system-out><![CDATA[15:09:06.732 [main] INFO org.springframework.test.context.support.AnnotationConfigContextLoaderUtils -- Could not detect default configuration classes for test class [com.ecommerce_microservices.Produit_Service.ProduitServiceApplicationTests]: ProduitServiceApplicationTests does not declare any static, non-private, non-final, nested classes annotated with @Configuration.
15:09:06.839 [main] INFO org.springframework.boot.test.context.SpringBootTestContextBootstrapper -- Found @SpringBootConfiguration com.ecommerce_microservices.Produit_Service.ProduitServiceApplication for test class com.ecommerce_microservices.Produit_Service.ProduitServiceApplicationTests

  .   ____          _            __ _ _
 /\\ / ___'_ __ _ _(_)_ __  __ _ \ \ \ \
( ( )\___ | '_ | '_| | '_ \/ _` | \ \ \ \
 \\/  ___)| |_)| | | | | || (_| |  ) ) ) )
  '  |____| .__|_| |_|_| |_\__, | / / / /
 =========|_|==============|___/=/_/_/_/

 :: Spring Boot ::                (v3.4.2)

2025-02-08T15:09:07.272+01:00  INFO 26424 --- [Produit-Service] [           main] c.e.P.ProduitServiceApplicationTests     : Starting ProduitServiceApplicationTests using Java 21.0.6 with PID 26424 (started by azrla in C:\Users\azrla\eclipse-workspace\produit-service)
2025-02-08T15:09:07.274+01:00  INFO 26424 --- [Produit-Service] [           main] c.e.P.ProduitServiceApplicationTests     : No active profile set, falling back to 1 default profile: "default"
2025-02-08T15:09:07.915+01:00  INFO 26424 --- [Produit-Service] [           main] .s.d.r.c.RepositoryConfigurationDelegate : Bootstrapping Spring Data JPA repositories in DEFAULT mode.
2025-02-08T15:09:07.986+01:00  INFO 26424 --- [Produit-Service] [           main] .s.d.r.c.RepositoryConfigurationDelegate : Finished Spring Data repository scanning in 61 ms. Found 1 JPA repository interface.
2025-02-08T15:09:08.460+01:00  INFO 26424 --- [Produit-Service] [           main] o.hibernate.jpa.internal.util.LogHelper  : HHH000204: Processing PersistenceUnitInfo [name: default]
2025-02-08T15:09:08.544+01:00  INFO 26424 --- [Produit-Service] [           main] org.hibernate.Version                    : HHH000412: Hibernate ORM core version 6.6.5.Final
2025-02-08T15:09:08.574+01:00  INFO 26424 --- [Produit-Service] [           main] o.h.c.internal.RegionFactoryInitiator    : HHH000026: Second-level cache disabled
2025-02-08T15:09:08.894+01:00  INFO 26424 --- [Produit-Service] [           main] o.s.o.j.p.SpringPersistenceUnitInfo      : No LoadTimeWeaver setup: ignoring JPA class transformer
2025-02-08T15:09:08.939+01:00  INFO 26424 --- [Produit-Service] [           main] com.zaxxer.hikari.HikariDataSource       : HikariPool-1 - Starting...
2025-02-08T15:09:08.945+01:00  WARN 26424 --- [Produit-Service] [           main] c.zaxxer.hikari.util.DriverDataSource    : Registered driver with driverClassName=com.mysql.jdbc.Driver was not found, trying direct instantiation.
2025-02-08T15:09:09.142+01:00  INFO 26424 --- [Produit-Service] [           main] com.zaxxer.hikari.pool.HikariPool        : HikariPool-1 - Added connection com.mysql.cj.jdbc.ConnectionImpl@7530090a
2025-02-08T15:09:09.144+01:00  INFO 26424 --- [Produit-Service] [           main] com.zaxxer.hikari.HikariDataSource       : HikariPool-1 - Start completed.
2025-02-08T15:09:09.217+01:00  WARN 26424 --- [Produit-Service] [           main] org.hibernate.dialect.Dialect            : HHH000511: The 5.5.5 version for [org.hibernate.dialect.MySQLDialect] is no longer supported, hence certain features may not work properly. The minimum supported version is 8.0.0. Check the community dialects project for available legacy versions.
2025-02-08T15:09:09.237+01:00  INFO 26424 --- [Produit-Service] [           main] org.hibernate.orm.connections.pooling    : HHH10001005: Database info:
	Database JDBC URL [Connecting through datasource 'HikariDataSource (HikariPool-1)']
	Database driver: undefined/unknown
	Database version: 5.5.5
	Autocommit mode: undefined/unknown
	Isolation level: undefined/unknown
	Minimum pool size: undefined/unknown
	Maximum pool size: undefined/unknown
2025-02-08T15:09:09.828+01:00  INFO 26424 --- [Produit-Service] [           main] o.h.e.t.j.p.i.JtaPlatformInitiator       : HHH000489: No JTA platform available (set 'hibernate.transaction.jta.platform' to enable JTA platform integration)
2025-02-08T15:09:09.874+01:00  INFO 26424 --- [Produit-Service] [           main] j.LocalContainerEntityManagerFactoryBean : Initialized JPA EntityManagerFactory for persistence unit 'default'
2025-02-08T15:09:10.360+01:00  WARN 26424 --- [Produit-Service] [           main] JpaBaseConfiguration$JpaWebConfiguration : spring.jpa.open-in-view is enabled by default. Therefore, database queries may be performed during view rendering. Explicitly configure spring.jpa.open-in-view to disable this warning
2025-02-08T15:09:10.811+01:00  INFO 26424 --- [Produit-Service] [           main] c.e.P.ProduitServiceApplicationTests     : Started ProduitServiceApplicationTests in 3.829 seconds (process running for 4.66)
]]></system-out>
    <system-err><![CDATA[Loading class `com.mysql.jdbc.Driver'. This is deprecated. The new driver class is `com.mysql.cj.jdbc.Driver'. The driver is automatically registered via the SPI and manual loading of the driver class is generally unnecessary.
Mockito is currently self-attaching to enable the inline-mock-maker. This will no longer work in future releases of the JDK. Please add Mockito as an agent to your build what is described in Mockito's documentation: https://javadoc.io/doc/org.mockito/mockito-core/latest/org/mockito/Mockito.html#0.3
WARNING: A Java agent has been loaded dynamically (C:\Users\azrla\.m2\repository\net\bytebuddy\byte-buddy-agent\1.15.11\byte-buddy-agent-1.15.11.jar)
WARNING: If a serviceability tool is in use, please run with -XX:+EnableDynamicAgentLoading to hide this warning
WARNING: If a serviceability tool is not in use, please run with -Djdk.instrument.traceUsage for more information
WARNING: Dynamic loading of agents will be disallowed by default in a future release
]]></system-err>
  </testcase>
</testsuite>